
=== Thu Apr 11 22:51:13 2024

Packages were changed.
Update Mode: updateDependencies

The following packages were added:
  com.unity.2d.sprite@1.0.0
  com.unity.ads@4.4.2
  com.unity.analytics@3.8.1
  com.unity.ide.rider@3.0.27
  com.unity.ide.visualstudio@2.0.22
  com.unity.ide.vscode@1.2.5
  com.unity.purchasing@4.9.3
  com.unity.test-framework@1.1.33
  com.unity.xr.legacyinputhelpers@2.1.10
  com.unity.ai.navigation@1.1.5

=== Thu Apr 11 22:55:09 2024

Packages were changed.
Update Mode: updateDependencies

The following packages were added:
  com.unity.modules.accessibility@1.0.0
The following packages were updated:
  com.unity.ai.navigation from version 1.1.5 to 2.0.0
  com.unity.feature.development from version 1.0.1 to 1.0.2
  com.unity.ide.rider from version 3.0.27 to 3.0.28
  com.unity.purchasing from version 4.9.3 to 4.11.0
  com.unity.test-framework from version 1.1.33 to 1.3.9
  com.unity.timeline from version 1.7.6 to 1.8.6
The following packages were removed:
  com.unity.textmeshpro@3.0.6
